<?xml version="1.0" encoding="UTF-8"?>
<!-- Generated by org.testng.reporters.JUnitReportReporter -->
<testsuite skipped="0" hostname="SONY-PC" name="com.TestNg.Trial" tests="1" failures="0" timestamp="21 Dec 2022 10:56:27 GMT" time="0.044" errors="0">
  <testcase name="m1" time="0.044" classname="com.TestNg.Trial"/>
</testsuite> <!-- com.TestNg.Trial -->
