<?xml version="1.0" encoding="UTF-8"?>
<!-- Generated by org.testng.reporters.JUnitReportReporter -->
<testsuite skipped="0" hostname="SONY-PC" name="com.TestNg.A" tests="1" failures="0" timestamp="27 Jan 2023 15:14:44 GMT" time="60.992" errors="0">
  <testcase name="takeScreenshoot" time="60.992" classname="com.TestNg.A"/>
</testsuite> <!-- com.TestNg.A -->
